<?xml version="1.0" encoding="UTF-8"?>
<!-- Generated by org.testng.reporters.JUnitXMLReporter -->
<testsuite hostname="TNQ-LTP-239" ignored="0" name="Default test" tests="5" failures="0" timestamp="12 Mar 2020 05:34:36 GMT" time="0.069" errors="0">
  <testcase name="@BeforeMethod createTestExtent" time="0.0" classname="com.authorportal.ui.BasePage">
    <failure type="org.testng.TestNGException" message="
Parameter &amp;apos;testcaseName&amp;apos; is required by BeforeMethod on method createTestExtent but has not been marked @Optional or defined
in C:\Users\9395\AppData\Local\Temp\testng-eclipse-1573772503\testng-customsuite.xml">
      <![CDATA[org.testng.TestNGException: 
Parameter 'testcaseName' is required by BeforeMethod on method createTestExtent but has not been marked @Optional or defined
in C:\Users\9395\AppData\Local\Temp\testng-eclipse-1573772503\testng-customsuite.xml
at org.testng.internal.Parameters.createParams(Parameters.java:290)
at org.testng.internal.Parameters.createParametersForMethod(Parameters.java:359)
at org.testng.internal.Parameters.createParameters(Parameters.java:620)
at org.testng.internal.Parameters.createConfigurationParameters(Parameters.java:190)
at org.testng.internal.Invoker.invokeConfigurations(Invoker.java:209)
at org.testng.internal.Invoker.invokeMethod(Invoker.java:523)
at org.testng.internal.Invoker.invokeTestMethod(Invoker.java:719)
at org.testng.internal.Invoker.invokeTestMethods(Invoker.java:989)
at org.testng.internal.TestMethodWorker.invokeTestMethods(TestMethodWorker.java:125)
at org.testng.internal.TestMethodWorker.run(TestMethodWorker.java:109)
at org.testng.TestRunner.privateRun(TestRunner.java:648)
at org.testng.TestRunner.run(TestRunner.java:505)
at org.testng.SuiteRunner.runTest(SuiteRunner.java:455)
at org.testng.SuiteRunner.runSequentially(SuiteRunner.java:450)
at org.testng.SuiteRunner.privateRun(SuiteRunner.java:415)
at org.testng.SuiteRunner.run(SuiteRunner.java:364)
at org.testng.SuiteRunnerWorker.runSuite(SuiteRunnerWorker.java:52)
at org.testng.SuiteRunnerWorker.run(SuiteRunnerWorker.java:84)
at org.testng.TestNG.runSuitesSequentially(TestNG.java:1208)
at org.testng.TestNG.runSuitesLocally(TestNG.java:1137)
at org.testng.TestNG.runSuites(TestNG.java:1049)
at org.testng.TestNG.run(TestNG.java:1017)
at org.testng.remote.AbstractRemoteTestNG.run(AbstractRemoteTestNG.java:115)
at org.testng.remote.RemoteTestNG.initAndRun(RemoteTestNG.java:251)
at org.testng.remote.RemoteTestNG.main(RemoteTestNG.java:77)
]]>
    </failure>
  </testcase> <!-- @BeforeMethod createTestExtent -->
  <testcase name="@AfterMethod getResult" time="0.0" classname="com.authorportal.ui.BasePage">
    <skipped/>
  </testcase> <!-- @AfterMethod getResult -->
  <testcase name="UrlLaunch" time="0.0" classname="com.authorportal.ui.Author">
    <skipped/>
  </testcase> <!-- UrlLaunch -->
  <testcase name="login" time="0.001" classname="com.authorportal.ui.Author">
    <skipped/>
  </testcase> <!-- login -->
  <testcase name="journalDashboard" time="0.0" classname="com.authorportal.ui.Author">
    <skipped/>
  </testcase> <!-- journalDashboard -->
  <testcase name="articleDashboard" time="0.0" classname="com.authorportal.ui.Author">
    <skipped/>
  </testcase> <!-- articleDashboard -->
  <testcase name="Logout" time="0.0" classname="com.authorportal.ui.Author">
    <skipped/>
  </testcase> <!-- Logout -->
</testsuite> <!-- Default test -->
