<?xml version="1.0" encoding="UTF-8"?>
<testng-results skipped="1" failed="1" ignored="0" total="5" passed="3">
  <reporter-output>
  </reporter-output>
  <suite name="Suite" duration-ms="61712" started-at="2020-03-31T13:14:30Z" finished-at="2020-03-31T13:15:32Z">
    <groups>
    </groups>
    <test name="Live Watch" duration-ms="61712" started-at="2020-03-31T13:14:30Z" finished-at="2020-03-31T13:15:32Z">
      <class name="com.authorportal.ui.Author">
        <test-method status="PASS" signature="reportGenerator()[pri:0, instance:com.authorportal.ui.Author@57fffcd7]" name="reportGenerator" is-config="true" duration-ms="14742" started-at="2020-03-31T13:14:15Z" finished-at="2020-03-31T13:14:30Z">
          <reporter-output>
          </reporter-output>
        </test-method> <!-- reportGenerator -->
        <test-method status="PASS" signature="createTestExtent()[pri:0, instance:com.authorportal.ui.Author@57fffcd7]" name="createTestExtent" is-config="true" duration-ms="1" started-at="2020-03-31T13:14:30Z" finished-at="2020-03-31T13:14:30Z">
          <reporter-output>
          </reporter-output>
        </test-method> <!-- createTestExtent -->
        <test-method status="PASS" signature="Login_Page()[pri:1, instance:com.authorportal.ui.Author@57fffcd7]" name="Login_Page" duration-ms="13689" started-at="2020-03-31T13:14:30Z" finished-at="2020-03-31T13:14:44Z">
          <reporter-output>
          </reporter-output>
        </test-method> <!-- Login_Page -->
        <test-method status="PASS" signature="getResult(org.testng.ITestResult)[pri:0, instance:com.authorportal.ui.Author@57fffcd7]" name="getResult" is-config="true" duration-ms="10" started-at="2020-03-31T13:14:44Z" finished-at="2020-03-31T13:14:44Z">
          <params>
            <param index="0">
              <value>
                <![CDATA[[TestResult name=Login_Page status=SUCCESS method=Author.Login_Page()[pri:1, instance:com.authorportal.ui.Author@57fffcd7] output={null}]]]>
              </value>
            </param>
          </params>
          <reporter-output>
          </reporter-output>
        </test-method> <!-- getResult -->
        <test-method status="PASS" signature="createTestExtent()[pri:0, instance:com.authorportal.ui.Author@57fffcd7]" name="createTestExtent" is-config="true" duration-ms="0" started-at="2020-03-31T13:14:44Z" finished-at="2020-03-31T13:14:44Z">
          <reporter-output>
          </reporter-output>
        </test-method> <!-- createTestExtent -->
        <test-method status="PASS" signature="Journal_Dashboard()[pri:2, instance:com.authorportal.ui.Author@57fffcd7]" name="Journal_Dashboard" duration-ms="5832" started-at="2020-03-31T13:14:44Z" depends-on-methods="com.authorportal.ui.Author.Login_Page" finished-at="2020-03-31T13:14:50Z">
          <reporter-output>
          </reporter-output>
        </test-method> <!-- Journal_Dashboard -->
        <test-method status="PASS" signature="getResult(org.testng.ITestResult)[pri:0, instance:com.authorportal.ui.Author@57fffcd7]" name="getResult" is-config="true" duration-ms="1" started-at="2020-03-31T13:14:50Z" finished-at="2020-03-31T13:14:50Z">
          <params>
            <param index="0">
              <value>
                <![CDATA[[TestResult name=Journal_Dashboard status=SUCCESS method=Author.Journal_Dashboard()[pri:2, instance:com.authorportal.ui.Author@57fffcd7] output={null}]]]>
              </value>
            </param>
          </params>
          <reporter-output>
          </reporter-output>
        </test-method> <!-- getResult -->
        <test-method status="PASS" signature="Article_Dashboard()[pri:3, instance:com.authorportal.ui.Author@57fffcd7]" name="Article_Dashboard" duration-ms="5788" started-at="2020-03-31T13:14:50Z" depends-on-methods="com.authorportal.ui.Author.Journal_Dashboard" finished-at="2020-03-31T13:14:56Z">
          <reporter-output>
          </reporter-output>
        </test-method> <!-- Article_Dashboard -->
        <test-method status="PASS" signature="createTestExtent()[pri:0, instance:com.authorportal.ui.Author@57fffcd7]" name="createTestExtent" is-config="true" duration-ms="0" started-at="2020-03-31T13:14:50Z" finished-at="2020-03-31T13:14:50Z">
          <reporter-output>
          </reporter-output>
        </test-method> <!-- createTestExtent -->
        <test-method status="PASS" signature="getResult(org.testng.ITestResult)[pri:0, instance:com.authorportal.ui.Author@57fffcd7]" name="getResult" is-config="true" duration-ms="1" started-at="2020-03-31T13:14:56Z" finished-at="2020-03-31T13:14:56Z">
          <params>
            <param index="0">
              <value>
                <![CDATA[[TestResult name=Article_Dashboard status=SUCCESS method=Author.Article_Dashboard()[pri:3, instance:com.authorportal.ui.Author@57fffcd7] output={null}]]]>
              </value>
            </param>
          </params>
          <reporter-output>
          </reporter-output>
        </test-method> <!-- getResult -->
        <test-method status="FAIL" signature="Article_Detail_Page()[pri:4, instance:com.authorportal.ui.Author@57fffcd7]" name="Article_Detail_Page" duration-ms="35958" started-at="2020-03-31T13:14:56Z" depends-on-methods="com.authorportal.ui.Author.Article_Dashboard" finished-at="2020-03-31T13:15:32Z">
          <exception class="java.lang.AssertionError">
            <message>
              <![CDATA[null]]>
            </message>
            <full-stacktrace>
              <![CDATA[java.lang.AssertionError: null
at org.testng.Assert.fail(Assert.java:96)
at org.testng.Assert.fail(Assert.java:103)
at com.authorportal.ui.Author.Article_Detail_Page(Author.java:149)
at sun.reflect.NativeMethodAccessorImpl.invoke0(Native Method)
at sun.reflect.NativeMethodAccessorImpl.invoke(NativeMethodAccessorImpl.java:62)
at sun.reflect.DelegatingMethodAccessorImpl.invoke(DelegatingMethodAccessorImpl.java:43)
at java.lang.reflect.Method.invoke(Method.java:498)
at org.testng.internal.MethodInvocationHelper.invokeMethod(MethodInvocationHelper.java:124)
at org.testng.internal.Invoker.invokeMethod(Invoker.java:583)
at org.testng.internal.Invoker.invokeTestMethod(Invoker.java:719)
at org.testng.internal.Invoker.invokeTestMethods(Invoker.java:989)
at org.testng.internal.TestMethodWorker.invokeTestMethods(TestMethodWorker.java:125)
at org.testng.internal.TestMethodWorker.run(TestMethodWorker.java:109)
at org.testng.TestRunner.privateRun(TestRunner.java:648)
at org.testng.TestRunner.run(TestRunner.java:505)
at org.testng.SuiteRunner.runTest(SuiteRunner.java:455)
at org.testng.SuiteRunner.runSequentially(SuiteRunner.java:450)
at org.testng.SuiteRunner.privateRun(SuiteRunner.java:415)
at org.testng.SuiteRunner.run(SuiteRunner.java:364)
at org.testng.SuiteRunnerWorker.runSuite(SuiteRunnerWorker.java:52)
at org.testng.SuiteRunnerWorker.run(SuiteRunnerWorker.java:84)
at org.testng.TestNG.runSuitesSequentially(TestNG.java:1208)
at org.testng.TestNG.runSuitesLocally(TestNG.java:1137)
at org.testng.TestNG.runSuites(TestNG.java:1049)
at org.testng.TestNG.run(TestNG.java:1017)
at org.testng.remote.AbstractRemoteTestNG.run(AbstractRemoteTestNG.java:115)
at org.testng.remote.RemoteTestNG.initAndRun(RemoteTestNG.java:251)
at org.testng.remote.RemoteTestNG.main(RemoteTestNG.java:77)
]]>
            </full-stacktrace>
          </exception> <!-- java.lang.AssertionError -->
          <reporter-output>
          </reporter-output>
        </test-method> <!-- Article_Detail_Page -->
        <test-method status="PASS" signature="createTestExtent()[pri:0, instance:com.authorportal.ui.Author@57fffcd7]" name="createTestExtent" is-config="true" duration-ms="0" started-at="2020-03-31T13:14:56Z" finished-at="2020-03-31T13:14:56Z">
          <reporter-output>
          </reporter-output>
        </test-method> <!-- createTestExtent -->
        <test-method status="SKIP" signature="getResult(org.testng.ITestResult)[pri:0, instance:com.authorportal.ui.Author@57fffcd7]" name="getResult" is-config="true" duration-ms="4" started-at="2020-03-31T13:15:32Z" finished-at="2020-03-31T13:15:32Z">
          <params>
            <param index="0">
              <value>
                <![CDATA[[TestResult name=Article_Detail_Page status=FAILURE method=Author.Article_Detail_Page()[pri:4, instance:com.authorportal.ui.Author@57fffcd7] output={null}]]]>
              </value>
            </param>
          </params>
          <exception class="org.testng.SkipException">
            <message>
              <![CDATA[Testcase failed]]>
            </message>
            <full-stacktrace>
              <![CDATA[org.testng.SkipException: Testcase failed
at com.authorportal.ui.BasePage.getResult(BasePage.java:145)
at sun.reflect.NativeMethodAccessorImpl.invoke0(Native Method)
at sun.reflect.NativeMethodAccessorImpl.invoke(NativeMethodAccessorImpl.java:62)
at sun.reflect.DelegatingMethodAccessorImpl.invoke(DelegatingMethodAccessorImpl.java:43)
at java.lang.reflect.Method.invoke(Method.java:498)
at org.testng.internal.MethodInvocationHelper.invokeMethod(MethodInvocationHelper.java:124)
at org.testng.internal.MethodInvocationHelper.invokeMethodConsideringTimeout(MethodInvocationHelper.java:59)
at org.testng.internal.Invoker.invokeConfigurationMethod(Invoker.java:458)
at org.testng.internal.Invoker.invokeConfigurations(Invoker.java:222)
at org.testng.internal.Invoker.invokeMethod(Invoker.java:646)
at org.testng.internal.Invoker.invokeTestMethod(Invoker.java:719)
at org.testng.internal.Invoker.invokeTestMethods(Invoker.java:989)
at org.testng.internal.TestMethodWorker.invokeTestMethods(TestMethodWorker.java:125)
at org.testng.internal.TestMethodWorker.run(TestMethodWorker.java:109)
at org.testng.TestRunner.privateRun(TestRunner.java:648)
at org.testng.TestRunner.run(TestRunner.java:505)
at org.testng.SuiteRunner.runTest(SuiteRunner.java:455)
at org.testng.SuiteRunner.runSequentially(SuiteRunner.java:450)
at org.testng.SuiteRunner.privateRun(SuiteRunner.java:415)
at org.testng.SuiteRunner.run(SuiteRunner.java:364)
at org.testng.SuiteRunnerWorker.runSuite(SuiteRunnerWorker.java:52)
at org.testng.SuiteRunnerWorker.run(SuiteRunnerWorker.java:84)
at org.testng.TestNG.runSuitesSequentially(TestNG.java:1208)
at org.testng.TestNG.runSuitesLocally(TestNG.java:1137)
at org.testng.TestNG.runSuites(TestNG.java:1049)
at org.testng.TestNG.run(TestNG.java:1017)
at org.testng.remote.AbstractRemoteTestNG.run(AbstractRemoteTestNG.java:115)
at org.testng.remote.RemoteTestNG.initAndRun(RemoteTestNG.java:251)
at org.testng.remote.RemoteTestNG.main(RemoteTestNG.java:77)
]]>
            </full-stacktrace>
          </exception> <!-- org.testng.SkipException -->
          <reporter-output>
          </reporter-output>
        </test-method> <!-- getResult -->
        <test-method status="SKIP" signature="Logout()[pri:5, instance:com.authorportal.ui.Author@57fffcd7]" name="Logout" duration-ms="0" started-at="2020-03-31T13:15:32Z" depends-on-methods="com.authorportal.ui.Author.Article_Detail_Page" finished-at="2020-03-31T13:15:32Z">
          <exception class="java.lang.Throwable">
            <message>
              <![CDATA[Method Author.Logout()[pri:5, instance:com.authorportal.ui.Author@57fffcd7] depends on not successfully finished methods]]>
            </message>
            <full-stacktrace>
              <![CDATA[java.lang.Throwable: Method Author.Logout()[pri:5, instance:com.authorportal.ui.Author@57fffcd7] depends on not successfully finished methods
at org.testng.internal.Invoker.invokeTestMethods(Invoker.java:888)
at org.testng.internal.TestMethodWorker.invokeTestMethods(TestMethodWorker.java:125)
at org.testng.internal.TestMethodWorker.run(TestMethodWorker.java:109)
at org.testng.TestRunner.privateRun(TestRunner.java:648)
at org.testng.TestRunner.run(TestRunner.java:505)
at org.testng.SuiteRunner.runTest(SuiteRunner.java:455)
at org.testng.SuiteRunner.runSequentially(SuiteRunner.java:450)
at org.testng.SuiteRunner.privateRun(SuiteRunner.java:415)
at org.testng.SuiteRunner.run(SuiteRunner.java:364)
at org.testng.SuiteRunnerWorker.runSuite(SuiteRunnerWorker.java:52)
at org.testng.SuiteRunnerWorker.run(SuiteRunnerWorker.java:84)
at org.testng.TestNG.runSuitesSequentially(TestNG.java:1208)
at org.testng.TestNG.runSuitesLocally(TestNG.java:1137)
at org.testng.TestNG.runSuites(TestNG.java:1049)
at org.testng.TestNG.run(TestNG.java:1017)
at org.testng.remote.AbstractRemoteTestNG.run(AbstractRemoteTestNG.java:115)
at org.testng.remote.RemoteTestNG.initAndRun(RemoteTestNG.java:251)
at org.testng.remote.RemoteTestNG.main(RemoteTestNG.java:77)
]]>
            </full-stacktrace>
          </exception> <!-- java.lang.Throwable -->
          <reporter-output>
          </reporter-output>
        </test-method> <!-- Logout -->
        <test-method status="PASS" signature="flush()[pri:0, instance:com.authorportal.ui.Author@57fffcd7]" name="flush" is-config="true" duration-ms="6808" started-at="2020-03-31T13:15:32Z" finished-at="2020-03-31T13:15:39Z">
          <reporter-output>
          </reporter-output>
        </test-method> <!-- flush -->
      </class> <!-- com.authorportal.ui.Author -->
    </test> <!-- Live Watch -->
  </suite> <!-- Suite -->
</testng-results>
